<?xml version="1.0" encoding="UTF-8"?>
<!-- Generated by org.testng.reporters.JUnitReportReporter -->
<testsuite skipped="0" hostname="DESKTOP-C2KOF2B" name="test.LogInTest" tests="1" failures="0" timestamp="23 Feb 2020 17:33:30 GMT" time="22.465" errors="0">
  <testcase name="ValidUserShouldAbleToLogin" time="22.465" classname="test.LogInTest"/>
</testsuite> <!-- test.LogInTest -->
